# JRE version: Java(TM) SE Runtime Environment (23.0.2+7) (build 23.0.2+7-58)
# Java VM: Java HotSpot(TM) 64-Bit Server VM (23.0.2+7-58, mixed mode, sharing, tiered, compressed oops, compressed class ptrs, g1 gc, windows-amd64)
GC Precious Log:
 CardTable entry size: 512
 Card Set container configuration: InlinePtr #cards 5 size 8 Array Of Cards #cards 10 size 36 Howl #buckets 4 coarsen threshold 1843 Howl Bitmap #cards 512 size 80 coarsen threshold 460 Card regions per heap region 1 cards per card region 2048
 CPUs: 16 total, 16 available
 Memory: 15709M
 Large Page Support: Disabled
 NUMA Support: Disabled
 Compressed Oops: Enabled (32-bit)
 Heap Region Size: 1M
 Heap Min Capacity: 8M
 Heap Initial Capacity: 246M
 Heap Max Capacity: 2G
 Pre-touch: Disabled
 Parallel Workers: 13
 Concurrent Workers: 3
 Concurrent Refinement Workers: 13
 Periodic GC: Disabled
Heap:
 garbage-first heap   total reserved 2097152K, committed 225280K, used 157648K [0x0000000080000000, 0x0000000100000000)
  region size 1024K, 39 young (39936K), 7 survivors (7168K)
 Metaspace       used 115806K, committed 118208K, reserved 1179648K
  class space    used 15458K, committed 16576K, reserved 1048576K
GC Heap History (20 events):
Event: 10.288 GC heap before
{Heap before GC invocations=32 (full 0):
 garbage-first heap   total reserved 2097152K, committed 138240K, used 124260K [0x0000000080000000, 0x0000000100000000)
  region size 1024K, 39 young (39936K), 5 survivors (5120K)
 Metaspace       used 107406K, committed 109632K, reserved 1179648K
  class space    used 14379K, committed 15424K, reserved 1048576K
}
Event: 10.291 GC heap after
{Heap after GC invocations=33 (full 0):
 garbage-first heap   total reserved 2097152K, committed 165888K, used 93004K [0x0000000080000000, 0x0000000100000000)
  region size 1024K, 4 young (4096K), 4 survivors (4096K)
 Metaspace       used 107406K, committed 109632K, reserved 1179648K
  class space    used 14379K, committed 15424K, reserved 1048576K
}
Event: 10.745 GC heap before
{Heap before GC invocations=34 (full 0):
 garbage-first heap   total reserved 2097152K, committed 165888K, used 148300K [0x0000000080000000, 0x0000000100000000)
  region size 1024K, 57 young (58368K), 4 survivors (4096K)
 Metaspace       used 110583K, committed 112960K, reserved 1179648K
  class space    used 14909K, committed 16064K, reserved 1048576K
}
Event: 10.749 GC heap after
{Heap after GC invocations=35 (full 0):
 garbage-first heap   total reserved 2097152K, committed 165888K, used 99328K [0x0000000080000000, 0x0000000100000000)
  region size 1024K, 8 young (8192K), 8 survivors (8192K)
 Metaspace       used 110583K, committed 112960K, reserved 1179648K
  class space    used 14909K, committed 16064K, reserved 1048576K
}
Event: 10.980 GC heap before
{Heap before GC invocations=35 (full 0):
 garbage-first heap   total reserved 2097152K, committed 165888K, used 148480K [0x0000000080000000, 0x0000000100000000)
  region size 1024K, 56 young (57344K), 8 survivors (8192K)
 Metaspace       used 111169K, committed 113536K, reserved 1179648K
  class space    used 14947K, committed 16064K, reserved 1048576K
}
Event: 10.985 GC heap after
{Heap after GC invocations=36 (full 0):
 garbage-first heap   total reserved 2097152K, committed 165888K, used 99378K [0x0000000080000000, 0x0000000100000000)
  region size 1024K, 6 young (6144K), 6 survivors (6144K)
 Metaspace       used 111169K, committed 113536K, reserved 1179648K
  class space    used 14947K, committed 16064K, reserved 1048576K
}
Event: 11.640 GC heap before
{Heap before GC invocations=36 (full 0):
 garbage-first heap   total reserved 2097152K, committed 165888K, used 147506K [0x0000000080000000, 0x0000000100000000)
  region size 1024K, 54 young (55296K), 6 survivors (6144K)
 Metaspace       used 114423K, committed 116736K, reserved 1179648K
  class space    used 15370K, committed 16448K, reserved 1048576K
}
Event: 11.645 GC heap after
{Heap after GC invocations=37 (full 0):
 garbage-first heap   total reserved 2097152K, committed 165888K, used 105913K [0x0000000080000000, 0x0000000100000000)
  region size 1024K, 7 young (7168K), 7 survivors (7168K)
 Metaspace       used 114423K, committed 116736K, reserved 1179648K
  class space    used 15370K, committed 16448K, reserved 1048576K
}
Event: 11.836 GC heap before
{Heap before GC invocations=38 (full 0):
 garbage-first heap   total reserved 2097152K, committed 178176K, used 146873K [0x0000000080000000, 0x0000000100000000)
  region size 1024K, 48 young (49152K), 7 survivors (7168K)
 Metaspace       used 114876K, committed 117184K, reserved 1179648K
  class space    used 15402K, committed 16512K, reserved 1048576K
}
Event: 11.839 GC heap after
{Heap after GC invocations=39 (full 0):
 garbage-first heap   total reserved 2097152K, committed 178176K, used 108098K [0x0000000080000000, 0x0000000100000000)
  region size 1024K, 5 young (5120K), 5 survivors (5120K)
 Metaspace       used 114876K, committed 117184K, reserved 1179648K
  class space    used 15402K, committed 16512K, reserved 1048576K
}
Event: 12.010 GC heap before
{Heap before GC invocations=39 (full 0):
 garbage-first heap   total reserved 2097152K, committed 178176K, used 159298K [0x0000000080000000, 0x0000000100000000)
  region size 1024K, 56 young (57344K), 5 survivors (5120K)
 Metaspace       used 115024K, committed 117376K, reserved 1179648K
  class space    used 15402K, committed 16512K, reserved 1048576K
}
Event: 12.016 GC heap after
{Heap after GC invocations=40 (full 0):
 garbage-first heap   total reserved 2097152K, committed 178176K, used 97686K [0x0000000080000000, 0x0000000100000000)
  region size 1024K, 5 young (5120K), 5 survivors (5120K)
 Metaspace       used 115024K, committed 117376K, reserved 1179648K
  class space    used 15402K, committed 16512K, reserved 1048576K
}
Event: 12.250 GC heap before
{Heap before GC invocations=40 (full 0):
 garbage-first heap   total reserved 2097152K, committed 178176K, used 144790K [0x0000000080000000, 0x0000000100000000)
  region size 1024K, 52 young (53248K), 5 survivors (5120K)
 Metaspace       used 115181K, committed 117504K, reserved 1179648K
  class space    used 15424K, committed 16512K, reserved 1048576K
}
Event: 12.253 GC heap after
{Heap after GC invocations=41 (full 0):
 garbage-first heap   total reserved 2097152K, committed 178176K, used 102191K [0x0000000080000000, 0x0000000100000000)
  region size 1024K, 8 young (8192K), 8 survivors (8192K)
 Metaspace       used 115181K, committed 117504K, reserved 1179648K
  class space    used 15424K, committed 16512K, reserved 1048576K
}
Event: 12.303 GC heap before
{Heap before GC invocations=41 (full 0):
 garbage-first heap   total reserved 2097152K, committed 178176K, used 111407K [0x0000000080000000, 0x0000000100000000)
  region size 1024K, 18 young (18432K), 8 survivors (8192K)
 Metaspace       used 115183K, committed 117504K, reserved 1179648K
  class space    used 15424K, committed 16512K, reserved 1048576K
}
Event: 12.307 GC heap after
{Heap after GC invocations=42 (full 0):
 garbage-first heap   total reserved 2097152K, committed 178176K, used 103905K [0x0000000080000000, 0x0000000100000000)
  region size 1024K, 4 young (4096K), 4 survivors (4096K)
 Metaspace       used 115183K, committed 117504K, reserved 1179648K
  class space    used 15424K, committed 16512K, reserved 1048576K
}
Event: 12.595 GC heap before
{Heap before GC invocations=43 (full 0):
 garbage-first heap   total reserved 2097152K, committed 183296K, used 161249K [0x0000000080000000, 0x0000000100000000)
  region size 1024K, 55 young (56320K), 4 survivors (4096K)
 Metaspace       used 115211K, committed 117568K, reserved 1179648K
  class space    used 15424K, committed 16512K, reserved 1048576K
}
Event: 12.601 GC heap after
{Heap after GC invocations=44 (full 0):
 garbage-first heap   total reserved 2097152K, committed 183296K, used 116451K [0x0000000080000000, 0x0000000100000000)
  region size 1024K, 7 young (7168K), 7 survivors (7168K)
 Metaspace       used 115211K, committed 117568K, reserved 1179648K
  class space    used 15424K, committed 16512K, reserved 1048576K
}
Event: 12.757 GC heap before
{Heap before GC invocations=44 (full 0):
 garbage-first heap   total reserved 2097152K, committed 183296K, used 169699K [0x0000000080000000, 0x0000000100000000)
  region size 1024K, 50 young (51200K), 7 survivors (7168K)
 Metaspace       used 115287K, committed 117632K, reserved 1179648K
  class space    used 15424K, committed 16512K, reserved 1048576K
}
Event: 12.766 GC heap after
{Heap after GC invocations=45 (full 0):
 garbage-first heap   total reserved 2097152K, committed 225280K, used 123856K [0x0000000080000000, 0x0000000100000000)
  region size 1024K, 7 young (7168K), 7 survivors (7168K)
 Metaspace       used 115287K, committed 117632K, reserved 1179648K
  class space    used 15424K, committed 16512K, reserved 1048576K
}

