# JRE version: OpenJDK Runtime Environment (21.0.7) (build 21.0.7+-13880790-b1038.58)
# Java VM: OpenJDK 64-Bit Server VM (21.0.7+-13880790-b1038.58, mixed mode, tiered, compressed oops, compressed class ptrs, g1 gc, windows-amd64)
GC Precious Log:
 CardTable entry size: 512
 Card Set container configuration: InlinePtr #cards 5 size 8 Array Of Cards #cards 12 size 40 Howl #buckets 4 coarsen threshold 1843 Howl Bitmap #cards 512 size 80 coarsen threshold 460 Card regions per heap region 1 cards per card region 2048
 CPUs: 16 total, 16 available
 Memory: 15709M
 Large Page Support: Disabled
 NUMA Support: Disabled
 Compressed Oops: Enabled (32-bit)
 Heap Region Size: 1M
 Heap Min Capacity: 8M
 Heap Initial Capacity: 246M
 Heap Max Capacity: 2G
 Pre-touch: Disabled
 Parallel Workers: 13
 Concurrent Workers: 3
 Concurrent Refinement Workers: 13
 Periodic GC: Disabled
Heap:
 garbage-first heap   total 271360K, used 151065K [0x0000000080000000, 0x0000000100000000)
  region size 1024K, 4 young (4096K), 4 survivors (4096K)
 Metaspace       used 143396K, committed 145664K, reserved 1179648K
  class space    used 19224K, committed 20352K, reserved 1048576K
GC Heap History (20 events):
Event: 15.343 GC heap after
{Heap after GC invocations=46 (full 0):
 garbage-first heap   total 195584K, used 127385K [0x0000000080000000, 0x0000000100000000)
  region size 1024K, 8 young (8192K), 8 survivors (8192K)
 Metaspace       used 128732K, committed 130880K, reserved 1179648K
  class space    used 17735K, committed 18816K, reserved 1048576K
}
Event: 15.887 GC heap before
{Heap before GC invocations=46 (full 0):
 garbage-first heap   total 195584K, used 174489K [0x0000000080000000, 0x0000000100000000)
  region size 1024K, 55 young (56320K), 8 survivors (8192K)
 Metaspace       used 130609K, committed 132864K, reserved 1179648K
  class space    used 18014K, committed 19136K, reserved 1048576K
}
Event: 15.894 GC heap after
{Heap after GC invocations=47 (full 0):
 garbage-first heap   total 195584K, used 135287K [0x0000000080000000, 0x0000000100000000)
  region size 1024K, 7 young (7168K), 7 survivors (7168K)
 Metaspace       used 130609K, committed 132864K, reserved 1179648K
  class space    used 18014K, committed 19136K, reserved 1048576K
}
Event: 16.252 GC heap before
{Heap before GC invocations=48 (full 0):
 garbage-first heap   total 227328K, used 179319K [0x0000000080000000, 0x0000000100000000)
  region size 1024K, 46 young (47104K), 7 survivors (7168K)
 Metaspace       used 132238K, committed 134464K, reserved 1179648K
  class space    used 18144K, committed 19264K, reserved 1048576K
}
Event: 16.257 GC heap after
{Heap after GC invocations=49 (full 0):
 garbage-first heap   total 227328K, used 137801K [0x0000000080000000, 0x0000000100000000)
  region size 1024K, 5 young (5120K), 5 survivors (5120K)
 Metaspace       used 132238K, committed 134464K, reserved 1179648K
  class space    used 18144K, committed 19264K, reserved 1048576K
}
Event: 21.013 GC heap before
{Heap before GC invocations=49 (full 0):
 garbage-first heap   total 227328K, used 204361K [0x0000000080000000, 0x0000000100000000)
  region size 1024K, 71 young (72704K), 5 survivors (5120K)
 Metaspace       used 135018K, committed 137216K, reserved 1179648K
  class space    used 18428K, committed 19520K, reserved 1048576K
}
Event: 21.019 GC heap after
{Heap after GC invocations=50 (full 0):
 garbage-first heap   total 227328K, used 141979K [0x0000000080000000, 0x0000000100000000)
  region size 1024K, 9 young (9216K), 9 survivors (9216K)
 Metaspace       used 135018K, committed 137216K, reserved 1179648K
  class space    used 18428K, committed 19520K, reserved 1048576K
}
Event: 21.846 GC heap before
{Heap before GC invocations=50 (full 0):
 garbage-first heap   total 227328K, used 192155K [0x0000000080000000, 0x0000000100000000)
  region size 1024K, 60 young (61440K), 9 survivors (9216K)
 Metaspace       used 135813K, committed 138048K, reserved 1179648K
  class space    used 18481K, committed 19584K, reserved 1048576K
}
Event: 21.855 GC heap after
{Heap after GC invocations=51 (full 0):
 garbage-first heap   total 227328K, used 155386K [0x0000000080000000, 0x0000000100000000)
  region size 1024K, 9 young (9216K), 9 survivors (9216K)
 Metaspace       used 135813K, committed 138048K, reserved 1179648K
  class space    used 18481K, committed 19584K, reserved 1048576K
}
Event: 22.254 GC heap before
{Heap before GC invocations=52 (full 0):
 garbage-first heap   total 271360K, used 211706K [0x0000000080000000, 0x0000000100000000)
  region size 1024K, 56 young (57344K), 9 survivors (9216K)
 Metaspace       used 138750K, committed 140928K, reserved 1179648K
  class space    used 18686K, committed 19776K, reserved 1048576K
}
Event: 22.260 GC heap after
{Heap after GC invocations=53 (full 0):
 garbage-first heap   total 271360K, used 162114K [0x0000000080000000, 0x0000000100000000)
  region size 1024K, 7 young (7168K), 7 survivors (7168K)
 Metaspace       used 138750K, committed 140928K, reserved 1179648K
  class space    used 18686K, committed 19776K, reserved 1048576K
}
Event: 22.719 GC heap before
{Heap before GC invocations=53 (full 0):
 garbage-first heap   total 271360K, used 239938K [0x0000000080000000, 0x0000000100000000)
  region size 1024K, 84 young (86016K), 7 survivors (7168K)
 Metaspace       used 141121K, committed 143296K, reserved 1179648K
  class space    used 18972K, committed 20032K, reserved 1048576K
}
Event: 22.724 GC heap after
{Heap after GC invocations=54 (full 0):
 garbage-first heap   total 271360K, used 157009K [0x0000000080000000, 0x0000000100000000)
  region size 1024K, 2 young (2048K), 2 survivors (2048K)
 Metaspace       used 141121K, committed 143296K, reserved 1179648K
  class space    used 18972K, committed 20032K, reserved 1048576K
}
Event: 23.593 GC heap before
{Heap before GC invocations=54 (full 0):
 garbage-first heap   total 271360K, used 247121K [0x0000000080000000, 0x0000000100000000)
  region size 1024K, 91 young (93184K), 2 survivors (2048K)
 Metaspace       used 143348K, committed 145664K, reserved 1179648K
  class space    used 19218K, committed 20352K, reserved 1048576K
}
Event: 23.598 GC heap after
{Heap after GC invocations=55 (full 0):
 garbage-first heap   total 271360K, used 162103K [0x0000000080000000, 0x0000000100000000)
  region size 1024K, 7 young (7168K), 7 survivors (7168K)
 Metaspace       used 143348K, committed 145664K, reserved 1179648K
  class space    used 19218K, committed 20352K, reserved 1048576K
}
Event: 23.648 GC heap before
{Heap before GC invocations=55 (full 0):
 garbage-first heap   total 271360K, used 247095K [0x0000000080000000, 0x0000000100000000)
  region size 1024K, 91 young (93184K), 7 survivors (7168K)
 Metaspace       used 143386K, committed 145664K, reserved 1179648K
  class space    used 19224K, committed 20352K, reserved 1048576K
}
Event: 23.653 GC heap after
{Heap after GC invocations=56 (full 0):
 garbage-first heap   total 271360K, used 163114K [0x0000000080000000, 0x0000000100000000)
  region size 1024K, 7 young (7168K), 7 survivors (7168K)
 Metaspace       used 143386K, committed 145664K, reserved 1179648K
  class space    used 19224K, committed 20352K, reserved 1048576K
}
Event: 23.763 GC heap before
{Heap before GC invocations=57 (full 0):
 garbage-first heap   total 271360K, used 247082K [0x0000000080000000, 0x0000000100000000)
  region size 1024K, 92 young (94208K), 7 survivors (7168K)
 Metaspace       used 143395K, committed 145664K, reserved 1179648K
  class space    used 19224K, committed 20352K, reserved 1048576K
}
Event: 23.768 GC heap after
{Heap after GC invocations=58 (full 0):
 garbage-first heap   total 271360K, used 162347K [0x0000000080000000, 0x0000000100000000)
  region size 1024K, 8 young (8192K), 8 survivors (8192K)
 Metaspace       used 143395K, committed 145664K, reserved 1179648K
  class space    used 19224K, committed 20352K, reserved 1048576K
}
Event: 23.863 GC heap before
{Heap before GC invocations=58 (full 0):
 garbage-first heap   total 271360K, used 246315K [0x0000000080000000, 0x0000000100000000)
  region size 1024K, 92 young (94208K), 8 survivors (8192K)
 Metaspace       used 143396K, committed 145664K, reserved 1179648K
  class space    used 19224K, committed 20352K, reserved 1048576K
}

