# JRE version: OpenJDK Runtime Environment (21.0.7) (build 21.0.7+-13880790-b1038.58)
# Java VM: OpenJDK 64-Bit Server VM (21.0.7+-13880790-b1038.58, mixed mode, tiered, compressed oops, compressed class ptrs, g1 gc, windows-amd64)
GC Precious Log:
 CardTable entry size: 512
 Card Set container configuration: InlinePtr #cards 5 size 8 Array Of Cards #cards 12 size 40 Howl #buckets 4 coarsen threshold 1843 Howl Bitmap #cards 512 size 80 coarsen threshold 460 Card regions per heap region 1 cards per card region 2048
 CPUs: 16 total, 16 available
 Memory: 15709M
 Large Page Support: Disabled
 NUMA Support: Disabled
 Compressed Oops: Enabled (32-bit)
 Heap Region Size: 1M
 Heap Min Capacity: 8M
 Heap Initial Capacity: 246M
 Heap Max Capacity: 2G
 Pre-touch: Disabled
 Parallel Workers: 13
 Concurrent Workers: 3
 Concurrent Refinement Workers: 13
 Periodic GC: Disabled
Heap:
 garbage-first heap   total 126976K, used 82025K [0x0000000080000000, 0x0000000100000000)
  region size 1024K, 4 young (4096K), 4 survivors (4096K)
 Metaspace       used 83648K, committed 85504K, reserved 557056K
  class space    used 11420K, committed 12352K, reserved 425984K
GC Heap History (20 events):
Event: 7.602 GC heap after
{Heap after GC invocations=19 (full 0):
 garbage-first heap   total 96256K, used 50525K [0x0000000080000000, 0x0000000100000000)
  region size 1024K, 4 young (4096K), 4 survivors (4096K)
 Metaspace       used 68014K, committed 69696K, reserved 491520K
  class space    used 9364K, committed 10176K, reserved 425984K
}
Event: 7.708 GC heap before
{Heap before GC invocations=20 (full 0):
 garbage-first heap   total 96256K, used 84317K [0x0000000080000000, 0x0000000100000000)
  region size 1024K, 38 young (38912K), 4 survivors (4096K)
 Metaspace       used 68015K, committed 69696K, reserved 491520K
  class space    used 9364K, committed 10176K, reserved 425984K
}
Event: 7.710 GC heap after
{Heap after GC invocations=21 (full 0):
 garbage-first heap   total 96256K, used 51590K [0x0000000080000000, 0x0000000100000000)
  region size 1024K, 4 young (4096K), 4 survivors (4096K)
 Metaspace       used 68015K, committed 69696K, reserved 491520K
  class space    used 9364K, committed 10176K, reserved 425984K
}
Event: 7.917 GC heap before
{Heap before GC invocations=21 (full 0):
 garbage-first heap   total 96256K, used 90502K [0x0000000080000000, 0x0000000100000000)
  region size 1024K, 37 young (37888K), 4 survivors (4096K)
 Metaspace       used 68613K, committed 70336K, reserved 491520K
  class space    used 9471K, committed 10304K, reserved 425984K
}
Event: 7.919 GC heap after
{Heap after GC invocations=22 (full 0):
 garbage-first heap   total 100352K, used 59410K [0x0000000080000000, 0x0000000100000000)
  region size 1024K, 5 young (5120K), 5 survivors (5120K)
 Metaspace       used 68613K, committed 70336K, reserved 491520K
  class space    used 9471K, committed 10304K, reserved 425984K
}
Event: 7.921 GC heap before
{Heap before GC invocations=22 (full 0):
 garbage-first heap   total 100352K, used 59410K [0x0000000080000000, 0x0000000100000000)
  region size 1024K, 6 young (6144K), 5 survivors (5120K)
 Metaspace       used 68613K, committed 70336K, reserved 491520K
  class space    used 9471K, committed 10304K, reserved 425984K
}
Event: 7.923 GC heap after
{Heap after GC invocations=23 (full 0):
 garbage-first heap   total 120832K, used 59922K [0x0000000080000000, 0x0000000100000000)
  region size 1024K, 1 young (1024K), 1 survivors (1024K)
 Metaspace       used 68613K, committed 70336K, reserved 491520K
  class space    used 9471K, committed 10304K, reserved 425984K
}
Event: 7.934 GC heap before
{Heap before GC invocations=23 (full 0):
 garbage-first heap   total 120832K, used 62994K [0x0000000080000000, 0x0000000100000000)
  region size 1024K, 2 young (2048K), 1 survivors (1024K)
 Metaspace       used 68613K, committed 70336K, reserved 491520K
  class space    used 9471K, committed 10304K, reserved 425984K
}
Event: 7.935 GC heap after
{Heap after GC invocations=24 (full 0):
 garbage-first heap   total 120832K, used 63265K [0x0000000080000000, 0x0000000100000000)
  region size 1024K, 1 young (1024K), 1 survivors (1024K)
 Metaspace       used 68613K, committed 70336K, reserved 491520K
  class space    used 9471K, committed 10304K, reserved 425984K
}
Event: 8.252 GC heap before
{Heap before GC invocations=25 (full 0):
 garbage-first heap   total 120832K, used 98081K [0x0000000080000000, 0x0000000100000000)
  region size 1024K, 31 young (31744K), 1 survivors (1024K)
 Metaspace       used 70490K, committed 72128K, reserved 491520K
  class space    used 9692K, committed 10496K, reserved 425984K
}
Event: 8.254 GC heap after
{Heap after GC invocations=26 (full 0):
 garbage-first heap   total 120832K, used 72392K [0x0000000080000000, 0x0000000100000000)
  region size 1024K, 4 young (4096K), 4 survivors (4096K)
 Metaspace       used 70490K, committed 72128K, reserved 491520K
  class space    used 9692K, committed 10496K, reserved 425984K
}
Event: 8.499 GC heap before
{Heap before GC invocations=26 (full 0):
 garbage-first heap   total 120832K, used 99016K [0x0000000080000000, 0x0000000100000000)
  region size 1024K, 31 young (31744K), 4 survivors (4096K)
 Metaspace       used 73312K, committed 75072K, reserved 491520K
  class space    used 10005K, committed 10880K, reserved 425984K
}
Event: 8.501 GC heap after
{Heap after GC invocations=27 (full 0):
 garbage-first heap   total 120832K, used 73131K [0x0000000080000000, 0x0000000100000000)
  region size 1024K, 1 young (1024K), 1 survivors (1024K)
 Metaspace       used 73312K, committed 75072K, reserved 491520K
  class space    used 10005K, committed 10880K, reserved 425984K
}
Event: 8.731 GC heap before
{Heap before GC invocations=27 (full 0):
 garbage-first heap   total 120832K, used 101803K [0x0000000080000000, 0x0000000100000000)
  region size 1024K, 29 young (29696K), 1 survivors (1024K)
 Metaspace       used 76438K, committed 78272K, reserved 557056K
  class space    used 10484K, committed 11392K, reserved 425984K
}
Event: 8.733 GC heap after
{Heap after GC invocations=28 (full 0):
 garbage-first heap   total 120832K, used 74203K [0x0000000080000000, 0x0000000100000000)
  region size 1024K, 3 young (3072K), 3 survivors (3072K)
 Metaspace       used 76438K, committed 78272K, reserved 557056K
  class space    used 10484K, committed 11392K, reserved 425984K
}
Event: 8.943 GC heap before
{Heap before GC invocations=29 (full 0):
 garbage-first heap   total 126976K, used 107995K [0x0000000080000000, 0x0000000100000000)
  region size 1024K, 32 young (32768K), 3 survivors (3072K)
 Metaspace       used 78610K, committed 80448K, reserved 557056K
  class space    used 10779K, committed 11712K, reserved 425984K
}
Event: 8.946 GC heap after
{Heap after GC invocations=30 (full 0):
 garbage-first heap   total 126976K, used 79292K [0x0000000080000000, 0x0000000100000000)
  region size 1024K, 4 young (4096K), 4 survivors (4096K)
 Metaspace       used 78610K, committed 80448K, reserved 557056K
  class space    used 10779K, committed 11712K, reserved 425984K
}
Event: 9.199 GC heap before
{Heap before GC invocations=30 (full 0):
 garbage-first heap   total 126976K, used 108988K [0x0000000080000000, 0x0000000100000000)
  region size 1024K, 34 young (34816K), 4 survivors (4096K)
 Metaspace       used 81069K, committed 82880K, reserved 557056K
  class space    used 11075K, committed 11968K, reserved 425984K
}
Event: 9.203 GC heap after
{Heap after GC invocations=31 (full 0):
 garbage-first heap   total 126976K, used 80533K [0x0000000080000000, 0x0000000100000000)
  region size 1024K, 5 young (5120K), 5 survivors (5120K)
 Metaspace       used 81069K, committed 82880K, reserved 557056K
  class space    used 11075K, committed 11968K, reserved 425984K
}
Event: 9.462 GC heap before
{Heap before GC invocations=31 (full 0):
 garbage-first heap   total 126976K, used 110229K [0x0000000080000000, 0x0000000100000000)
  region size 1024K, 35 young (35840K), 5 survivors (5120K)
 Metaspace       used 83648K, committed 85504K, reserved 557056K
  class space    used 11420K, committed 12352K, reserved 425984K
}

